=================================================================
  Hierarchical Time Series Forecasting — Full Pipeline
=================================================================

[1/7] Generating synthetic retail dataset …
    Ground truth saved → results/ground_truth.json
    Train: 2020-01-01 → 2022-12-03
    Test : 2022-12-04 → 2022-12-31
    Products: 30 | Categories: 6 | Depts: 2

[2a/7] Fitting ARIMA …
    total (1 series) … done
    department (2 series) … done
    category (6 series) … done
    product (30 series) … done

[2a/7] Fitting Prophet …
    total (1 series) … Importing plotly failed. Interactive plots will not work.
17:38:57 - cmdstanpy - INFO - Chain [1] start processing
17:38:57 - cmdstanpy - INFO - Chain [1] done processing
done
    department (2 series) … 17:38:57 - cmdstanpy - INFO - Chain [1] start processing
17:38:57 - cmdstanpy - INFO - Chain [1] done processing
17:38:58 - cmdstanpy - INFO - Chain [1] start processing
17:38:58 - cmdstanpy - INFO - Chain [1] done processing
done
    category (6 series) … 17:38:58 - cmdstanpy - INFO - Chain [1] start processing
17:38:58 - cmdstanpy - INFO - Chain [1] done processing
17:38:58 - cmdstanpy - INFO - Chain [1] start processing
17:38:58 - cmdstanpy - INFO - Chain [1] done processing
17:38:58 - cmdstanpy - INFO - Chain [1] start processing
17:38:58 - cmdstanpy - INFO - Chain [1] done processing
17:38:58 - cmdstanpy - INFO - Chain [1] start processing
17:38:58 - cmdstanpy - INFO - Chain [1] done processing
17:38:59 - cmdstanpy - INFO - Chain [1] start processing
17:38:59 - cmdstanpy - INFO - Chain [1] done processing
17:38:59 - cmdstanpy - INFO - Chain [1] start processing
17:38:59 - cmdstanpy - INFO - Chain [1] done processing
done
    product (30 series) … 17:38:59 - cmdstanpy - INFO - Chain [1] start processing
17:38:59 - cmdstanpy - INFO - Chain [1] done processing
17:38:59 - cmdstanpy - INFO - Chain [1] start processing
17:38:59 - cmdstanpy - INFO - Chain [1] done processing
17:38:59 - cmdstanpy - INFO - Chain [1] start processing
17:39:00 - cmdstanpy - INFO - Chain [1] done processing
17:39:00 - cmdstanpy - INFO - Chain [1] start processing
17:39:00 - cmdstanpy - INFO - Chain [1] done processing
17:39:00 - cmdstanpy - INFO - Chain [1] start processing
17:39:00 - cmdstanpy - INFO - Chain [1] done processing
17:39:00 - cmdstanpy - INFO - Chain [1] start processing
17:39:00 - cmdstanpy - INFO - Chain [1] done processing
17:39:00 - cmdstanpy - INFO - Chain [1] start processing
17:39:00 - cmdstanpy - INFO - Chain [1] done processing
17:39:01 - cmdstanpy - INFO - Chain [1] start processing
17:39:01 - cmdstanpy - INFO - Chain [1] done processing
17:39:01 - cmdstanpy - INFO - Chain [1] start processing
17:39:01 - cmdstanpy - INFO - Chain [1] done processing
17:39:01 - cmdstanpy - INFO - Chain [1] start processing
17:39:01 - cmdstanpy - INFO - Chain [1] done processing
17:39:01 - cmdstanpy - INFO - Chain [1] start processing
17:39:01 - cmdstanpy - INFO - Chain [1] done processing
17:39:02 - cmdstanpy - INFO - Chain [1] start processing
17:39:02 - cmdstanpy - INFO - Chain [1] done processing
17:39:02 - cmdstanpy - INFO - Chain [1] start processing
17:39:02 - cmdstanpy - INFO - Chain [1] done processing
17:39:02 - cmdstanpy - INFO - Chain [1] start processing
17:39:02 - cmdstanpy - INFO - Chain [1] done processing
17:39:02 - cmdstanpy - INFO - Chain [1] start processing
17:39:02 - cmdstanpy - INFO - Chain [1] done processing
17:39:02 - cmdstanpy - INFO - Chain [1] start processing
17:39:02 - cmdstanpy - INFO - Chain [1] done processing
17:39:03 - cmdstanpy - INFO - Chain [1] start processing
17:39:03 - cmdstanpy - INFO - Chain [1] done processing
17:39:03 - cmdstanpy - INFO - Chain [1] start processing
17:39:03 - cmdstanpy - INFO - Chain [1] done processing
17:39:03 - cmdstanpy - INFO - Chain [1] start processing
17:39:03 - cmdstanpy - INFO - Chain [1] done processing
17:39:03 - cmdstanpy - INFO - Chain [1] start processing
17:39:03 - cmdstanpy - INFO - Chain [1] done processing
17:39:03 - cmdstanpy - INFO - Chain [1] start processing
17:39:04 - cmdstanpy - INFO - Chain [1] done processing
17:39:04 - cmdstanpy - INFO - Chain [1] start processing
17:39:04 - cmdstanpy - INFO - Chain [1] done processing
17:39:04 - cmdstanpy - INFO - Chain [1] start processing
17:39:04 - cmdstanpy - INFO - Chain [1] done processing
17:39:04 - cmdstanpy - INFO - Chain [1] start processing
17:39:04 - cmdstanpy - INFO - Chain [1] done processing
17:39:04 - cmdstanpy - INFO - Chain [1] start processing
17:39:04 - cmdstanpy - INFO - Chain [1] done processing
17:39:05 - cmdstanpy - INFO - Chain [1] start processing
17:39:05 - cmdstanpy - INFO - Chain [1] done processing
17:39:05 - cmdstanpy - INFO - Chain [1] start processing
17:39:05 - cmdstanpy - INFO - Chain [1] done processing
17:39:05 - cmdstanpy - INFO - Chain [1] start processing
17:39:05 - cmdstanpy - INFO - Chain [1] done processing
17:39:05 - cmdstanpy - INFO - Chain [1] start processing
17:39:05 - cmdstanpy - INFO - Chain [1] done processing
17:39:05 - cmdstanpy - INFO - Chain [1] start processing
17:39:05 - cmdstanpy - INFO - Chain [1] done processing
done

[2a/7] Fitting LSTM …
    total (1 series) … done
    department (2 series) … done
    category (6 series) … done
    product (30 series) … done

[2b/7] Fitting GBM models (LightGBM + XGBoost) …
      Fitting LGBM global model … 